SF:lib/main.dart
DA:13,0
DA:14,0
DA:15,0
DA:16,0
DA:17,0
DA:18,0
DA:22,10
DA:24,0
DA:26,0
DA:29,0
DA:31,0
DA:32,0
DA:33,0
DA:34,0
DA:35,0
DA:36,0
DA:38,0
DA:39,0
DA:42,0
DA:49,0
DA:51,0
DA:53,0
DA:55,0
DA:56,0
LF:24
LH:1
end_of_record
SF:lib/core/styles/res_color.dart
DA:18,0
LF:1
LH:0
end_of_record
SF:lib/core/styles/text_styles.dart
DA:5,0
DA:7,0
DA:8,0
DA:12,0
DA:13,0
DA:18,3
DA:19,1
DA:24,0
DA:25,0
DA:30,6
DA:31,2
DA:36,0
DA:37,0
DA:42,0
DA:43,0
LF:15
LH:4
end_of_record
SF:lib/core/styles/text_styles_lp.dart
DA:5,0
LF:1
LH:0
end_of_record
SF:lib/presentation/product/products/components/category_chip.dart
DA:5,1
DA:10,1
DA:16,1
DA:18,1
DA:19,1
DA:21,1
DA:25,1
DA:26,1
DA:27,1
DA:28,1
DA:30,2
DA:33,1
DA:34,1
DA:35,1
DA:36,1
DA:39,1
DA:41,4
LF:17
LH:17
end_of_record
SF:lib/core/exceptions/api_exception.dart
DA:2,2
DA:7,0
DA:10,0
DA:15,0
DA:19,4
LF:5
LH:2
end_of_record
SF:lib/core/services/dio_api_client.dart
DA:14,0
DA:16,0
DA:23,0
DA:24,0
DA:28,0
DA:29,0
DA:32,0
DA:33,0
DA:37,0
DA:39,0
DA:40,0
DA:41,0
DA:42,0
DA:44,0
DA:48,0
DA:49,0
DA:51,0
DA:52,0
DA:53,0
DA:54,0
DA:58,0
DA:60,0
DA:61,0
DA:63,0
DA:64,0
DA:68,0
DA:71,0
DA:77,0
DA:78,0
DA:79,0
DA:80,0
DA:81,0
DA:82,0
DA:83,0
DA:84,0
DA:85,0
DA:86,0
DA:87,0
DA:88,0
DA:90,0
DA:92,0
DA:93,0
DA:96,0
DA:113,0
LF:44
LH:0
end_of_record
SF:lib/core/utils/environments.dart
DA:5,0
DA:6,2
DA:7,6
DA:10,0
DA:12,0
DA:14,0
DA:16,0
LF:7
LH:2
end_of_record
SF:lib/core/utils/network_utils.dart
DA:4,0
DA:5,0
DA:8,0
DA:9,0
DA:10,0
LF:5
LH:0
end_of_record
SF:lib/core/theme/button_theme.dart
DA:4,0
DA:5,0
DA:9,0
LF:3
LH:0
end_of_record
SF:lib/core/theme/input_decoration_theme.dart
DA:43,0
DA:44,0
DA:46,0
DA:47,0
LF:4
LH:0
end_of_record
SF:lib/core/theme/theme.dart
DA:6,0
DA:10,0
DA:11,0
LF:3
LH:0
end_of_record
SF:lib/core/utils/contants.dart
DA:2,0
LF:1
LH:0
end_of_record
SF:lib/core/utils/logger.dart
DA:6,2
DA:8,0
DA:13,6
DA:14,2
DA:15,2
LF:5
LH:4
end_of_record
SF:lib/core/utils/logger_interceptor.dart
DA:9,0
DA:11,0
DA:12,0
DA:15,0
DA:17,0
DA:21,0
DA:24,0
DA:26,0
DA:29,0
DA:31,0
DA:33,0
DA:34,0
DA:37,0
DA:38,0
DA:41,0
DA:42,0
DA:47,0
DA:50,0
DA:53,0
DA:56,0
DA:57,0
DA:59,0
DA:63,0
DA:67,0
DA:70,0
DA:73,0
DA:78,0
DA:87,0
DA:89,0
DA:96,0
DA:97,0
DA:99,0
DA:100,0
DA:102,0
DA:104,0
DA:106,0
DA:107,0
DA:109,0
DA:110,0
DA:115,0
DA:117,0
LF:41
LH:0
end_of_record
SF:lib/data/datasources/auth_remote_data_source.dart
DA:6,1
DA:8,1
DA:9,2
DA:12,1
DA:17,1
LF:5
LH:5
end_of_record
SF:lib/data/datasources/hive_auth_local_data_source_impl.dart
DA:12,1
DA:16,1
DA:19,2
DA:20,1
DA:21,2
DA:24,2
DA:25,1
DA:30,1
DA:33,2
DA:34,1
DA:36,2
DA:37,1
LF:12
LH:12
end_of_record
SF:lib/data/datasources/hive_cart_local_data_source.dart
DA:17,1
DA:21,2
DA:25,1
DA:27,3
DA:29,2
DA:31,5
DA:32,2
DA:38,1
DA:40,3
DA:41,1
DA:43,2
DA:44,3
DA:45,4
DA:47,3
DA:49,1
DA:50,2
DA:52,3
DA:54,1
DA:55,2
DA:56,2
DA:57,1
DA:59,1
DA:63,1
DA:65,3
DA:66,1
DA:69,2
DA:70,3
DA:71,4
DA:74,2
DA:75,1
DA:76,1
DA:78,1
DA:79,4
DA:81,2
DA:84,2
DA:87,1
DA:90,1
DA:92,2
DA:95,1
DA:98,2
DA:99,1
DA:100,3
DA:101,1
DA:103,1
DA:107,1
DA:109,3
DA:110,1
DA:112,2
DA:113,3
DA:114,4
DA:115,2
DA:116,3
DA:117,1
DA:119,2
DA:120,1
DA:122,1
LF:56
LH:56
end_of_record
SF:lib/data/hive_models/cart_hive_model.g.dart
DA:13,0
DA:15,0
DA:16,0
DA:17,0
DA:19,0
DA:20,0
DA:21,0
DA:22,0
DA:23,0
DA:24,0
DA:28,0
DA:31,0
DA:32,0
DA:33,0
DA:34,0
DA:35,0
DA:36,0
DA:37,0
DA:38,0
DA:39,0
DA:40,0
DA:41,0
DA:44,0
DA:45,0
DA:47,1
DA:50,1
DA:51,3
DA:52,3
LF:28
LH:4
end_of_record
SF:lib/data/hive_models/cart_hive_model.dart
DA:25,1
DA:35,1
DA:36,1
DA:37,5
DA:40,1
DA:41,1
DA:42,1
DA:43,1
DA:44,1
DA:45,1
DA:46,1
DA:49,1
DA:50,1
DA:51,1
DA:52,1
DA:53,1
DA:54,1
DA:59,1
DA:60,7
DA:62,1
DA:69,1
DA:70,1
DA:71,1
DA:72,1
DA:73,1
DA:74,0
LF:26
LH:25
end_of_record
SF:lib/data/datasources/product_remote_data_source.dart
DA:6,1
DA:9,1
DA:10,2
DA:14,1
DA:15,1
DA:16,3
DA:17,1
DA:20,1
DA:21,2
DA:23,1
DA:26,1
LF:11
LH:11
end_of_record
SF:lib/data/dto/product_dto.dart
DA:14,1
DA:22,1
DA:23,2
DA:24,2
DA:25,2
DA:26,2
DA:27,2
DA:28,2
DA:29,1
DA:30,3
DA:33,0
DA:34,0
DA:35,0
DA:36,0
DA:37,0
DA:38,0
DA:39,0
DA:40,0
DA:41,0
DA:44,1
DA:45,2
DA:46,1
DA:47,1
DA:48,1
DA:49,1
DA:50,1
DA:51,1
DA:59,1
DA:61,1
DA:62,2
DA:63,2
DA:66,1
DA:67,3
LF:33
LH:24
end_of_record
SF:lib/data/repository/auth_repository_impl.dart
DA:13,0
DA:15,0
DA:18,0
DA:19,0
DA:20,0
DA:21,0
DA:22,0
DA:24,0
DA:28,0
DA:31,0
DA:32,0
DA:34,0
DA:39,0
DA:42,0
DA:43,0
DA:45,0
LF:16
LH:0
end_of_record
SF:lib/data/repository/cart_repository_impl.dart
DA:11,0
DA:14,0
DA:17,0
DA:19,0
DA:23,0
DA:26,0
DA:28,0
DA:33,0
DA:36,0
DA:38,0
DA:43,0
DA:46,0
DA:48,0
DA:53,0
DA:56,0
DA:58,0
LF:16
LH:0
end_of_record
SF:lib/data/repository/product_repository_impl.dart
DA:12,0
DA:15,0
DA:18,0
DA:19,0
DA:20,0
DA:21,0
DA:23,0
DA:24,0
DA:29,0
DA:32,0
DA:33,0
DA:34,0
DA:35,0
DA:36,0
DA:38,0
LF:15
LH:0
end_of_record
SF:lib/injection.dart
DA:24,0
DA:26,0
DA:27,0
DA:28,0
DA:29,0
DA:30,0
DA:31,0
DA:32,0
DA:33,0
DA:34,0
DA:35,0
DA:36,0
DA:38,0
DA:39,0
DA:40,0
DA:41,0
DA:43,0
DA:44,0
DA:45,0
DA:46,0
DA:48,0
DA:49,0
DA:50,0
DA:51,0
DA:52,0
DA:53,0
DA:54,0
DA:55,0
DA:56,0
DA:57,0
DA:59,0
LF:31
LH:0
end_of_record
SF:lib/presentation/auth/bloc/auth_bloc.dart
DA:12,0
DA:13,0
DA:14,0
DA:15,0
DA:16,0
DA:17,0
DA:18,0
DA:19,0
DA:20,0
DA:21,0
DA:22,0
DA:23,0
DA:24,0
DA:26,0
DA:30,0
DA:31,0
LF:16
LH:0
end_of_record
SF:lib/presentation/auth/bloc/login_cubit.dart
DA:11,0
DA:18,0
DA:19,0
DA:22,0
DA:23,0
DA:24,0
DA:26,0
DA:27,0
DA:28,0
DA:32,0
DA:33,0
DA:40,0
DA:41,0
DA:45,0
DA:46,0
DA:51,0
DA:52,0
DA:53,0
LF:18
LH:0
end_of_record
SF:lib/presentation/cart/bloc/cart_bloc.dart
DA:16,0
DA:17,0
DA:18,0
DA:26,0
DA:27,0
DA:31,0
DA:32,0
DA:33,0
DA:34,0
DA:36,0
DA:37,0
DA:39,0
DA:40,0
DA:42,0
DA:43,0
DA:45,0
DA:49,0
DA:50,0
DA:51,0
DA:52,0
DA:53,0
DA:54,0
DA:55,0
DA:56,0
DA:60,0
DA:63,0
DA:64,0
DA:65,0
DA:66,0
DA:67,0
DA:68,0
DA:70,0
DA:71,0
DA:72,0
DA:77,0
DA:78,0
DA:79,0
DA:80,0
DA:83,0
DA:84,0
DA:85,0
DA:86,0
DA:89,0
DA:91,0
DA:92,0
LF:45
LH:0
end_of_record
SF:lib/presentation/cart/bloc/cart_state.dart
DA:15,0
DA:16,0
DA:17,0
LF:3
LH:0
end_of_record
SF:lib/presentation/product/product_detail/bloc/product_detail_cubit.dart
DA:17,0
DA:19,0
DA:23,0
DA:24,0
DA:29,0
DA:35,0
DA:36,0
DA:37,0
DA:38,0
DA:41,0
DA:46,0
DA:47,0
DA:48,0
DA:49,0
DA:50,0
DA:51,0
DA:52,0
LF:17
LH:0
end_of_record
SF:lib/presentation/product/products/bloc/products_bloc.dart
DA:16,0
DA:17,0
DA:18,0
DA:26,0
DA:27,0
DA:35,0
DA:36,0
DA:37,0
DA:38,0
DA:40,0
DA:41,0
DA:43,0
DA:44,0
DA:47,0
DA:50,0
DA:51,0
DA:52,0
DA:53,0
DA:54,0
DA:55,0
DA:57,0
DA:58,0
DA:62,0
DA:66,0
DA:67,0
DA:68,0
DA:69,0
DA:70,0
DA:71,0
DA:77,0
DA:82,0
DA:83,0
DA:84,0
DA:85,0
DA:86,0
DA:87,0
DA:88,0
LF:37
LH:0
end_of_record
SF:lib/routing/router.dart
DA:13,0
DA:15,0
DA:17,0
DA:18,0
DA:19,0
DA:21,0
DA:22,0
DA:24,0
DA:26,0
DA:27,0
DA:29,0
DA:31,0
DA:32,0
DA:34,0
DA:36,0
DA:37,0
DA:42,0
DA:43,0
DA:44,0
DA:46,0
DA:58,0
DA:59,0
DA:60,0
DA:61,0
DA:62,0
DA:64,0
DA:67,0
DA:69,0
DA:70,0
DA:72,0
DA:75,0
LF:31
LH:0
end_of_record
SF:lib/presentation/auth/components/login_form.dart
DA:7,0
DA:14,0
DA:16,0
DA:17,0
DA:18,0
DA:19,0
DA:20,0
DA:21,0
DA:22,0
DA:24,0
DA:25,0
DA:32,0
DA:34,0
DA:37,0
DA:39,0
DA:40,0
DA:41,0
DA:42,0
DA:43,0
DA:50,0
DA:51,0
DA:52,0
DA:53,0
DA:54,0
DA:56,0
DA:57,0
DA:62,0
DA:63,0
DA:65,0
DA:69,0
DA:70,0
DA:71,0
DA:73,0
DA:74,0
DA:75,0
DA:76,0
DA:77,0
DA:78,0
DA:79,0
DA:84,0
DA:88,0
DA:90,0
DA:91,0
DA:92,0
DA:93,0
DA:94,0
LF:46
LH:0
end_of_record
SF:lib/presentation/auth/login_screen.dart
DA:16,0
DA:18,0
DA:19,0
DA:21,0
DA:22,0
DA:23,0
DA:24,0
DA:25,0
DA:26,0
DA:27,0
DA:28,0
DA:29,0
DA:30,0
DA:31,0
DA:35,0
DA:45,0
DA:47,0
DA:49,0
DA:50,0
DA:51,0
DA:53,0
DA:54,0
DA:55,0
DA:56,0
DA:58,0
DA:59,0
DA:68,0
DA:69,0
DA:70,0
DA:71,0
DA:75,0
DA:78,0
DA:81,0
DA:84,0
DA:86,0
DA:88,0
DA:92,0
DA:94,0
DA:101,0
DA:102,0
DA:104,0
DA:106,0
DA:110,0
DA:111,0
DA:112,0
DA:114,0
DA:115,0
DA:116,0
DA:119,0
DA:123,0
DA:125,0
DA:127,0
DA:128,0
LF:53
LH:0
end_of_record
SF:lib/routing/app_route.dart
DA:2,0
LF:1
LH:0
end_of_record
SF:lib/presentation/cart/cart_screen.dart
DA:12,10
DA:14,0
DA:18,0
DA:20,0
DA:21,0
DA:23,0
DA:24,0
DA:25,0
DA:26,0
DA:29,0
DA:31,0
DA:33,0
DA:34,0
DA:43,0
DA:44,0
DA:45,0
DA:48,0
DA:50,0
DA:52,0
DA:54,0
DA:55,0
DA:56,0
DA:63,0
DA:66,0
DA:67,0
DA:70,0
DA:71,0
DA:72,0
DA:73,0
DA:77,0
DA:78,0
DA:80,0
DA:84,0
DA:85,0
DA:106,0
DA:107,0
DA:108,0
DA:109,0
DA:110,0
DA:111,0
DA:112,0
DA:113,0
DA:118,0
DA:119,0
DA:120,0
DA:121,0
DA:122,0
DA:131,0
DA:135,0
DA:137,0
DA:138,0
DA:139,0
DA:140,0
DA:141,0
DA:142,0
DA:143,0
DA:144,0
DA:145,0
DA:146,0
DA:147,0
DA:149,0
DA:150,0
LF:62
LH:1
end_of_record
SF:lib/presentation/components/error_fetch_data_widget.dart
DA:7,31
DA:9,1
DA:11,1
DA:13,1
DA:16,1
DA:20,1
DA:21,1
DA:24,1
DA:25,1
DA:30,1
DA:32,1
DA:37,1
DA:38,1
DA:39,1
DA:41,1
LF:15
LH:15
end_of_record
SF:lib/presentation/cart/components/cart_item_card.dart
DA:14,0
DA:22,0
DA:24,0
DA:26,0
DA:29,0
DA:30,0
DA:32,0
DA:33,0
DA:34,0
DA:35,0
DA:37,0
DA:38,0
DA:39,0
DA:41,0
DA:42,0
DA:46,0
DA:47,0
DA:49,0
DA:51,0
DA:52,0
DA:53,0
DA:55,0
DA:56,0
DA:59,0
DA:60,0
DA:62,0
DA:64,0
DA:67,0
DA:68,0
DA:69,0
DA:71,0
DA:72,0
DA:74,0
DA:75,0
DA:77,0
DA:78,0
DA:82,0
DA:87,0
LF:38
LH:0
end_of_record
SF:lib/presentation/cart/components/qty_input.dart
DA:14,1
DA:22,1
DA:24,1
DA:25,1
DA:29,1
DA:30,6
DA:33,7
DA:34,2
DA:35,2
DA:38,1
DA:39,8
DA:40,7
DA:41,6
DA:42,2
DA:45,0
DA:48,0
DA:51,1
DA:53,1
DA:55,1
DA:56,1
DA:57,2
DA:58,1
DA:59,1
DA:61,1
DA:62,3
DA:67,1
DA:69,1
DA:72,1
DA:74,1
DA:75,1
DA:76,1
DA:77,1
DA:78,2
DA:79,1
DA:80,1
DA:81,1
DA:82,1
DA:87,1
DA:88,2
DA:89,1
DA:91,2
DA:93,3
DA:96,1
DA:98,1
DA:102,1
DA:104,1
LF:46
LH:44
end_of_record
SF:lib/presentation/components/network_image_loader.dart
DA:6,2
DA:29,1
DA:31,2
DA:32,1
DA:33,1
DA:34,1
DA:35,1
DA:36,2
DA:37,1
DA:39,2
DA:41,1
DA:42,1
DA:43,1
DA:44,2
DA:45,1
DA:46,1
DA:47,1
DA:49,1
DA:50,0
DA:51,0
DA:52,0
DA:53,0
DA:54,0
DA:55,0
DA:57,0
DA:58,0
DA:59,0
DA:63,1
DA:64,0
DA:65,0
DA:66,0
DA:67,0
DA:68,0
DA:69,0
LF:34
LH:19
end_of_record
SF:lib/presentation/components/box_shimmer.dart
DA:11,21
DA:18,0
DA:25,1
DA:27,1
DA:28,1
DA:29,1
DA:30,1
DA:31,1
DA:32,1
DA:33,1
DA:34,1
DA:35,1
DA:36,2
LF:13
LH:12
end_of_record
SF:lib/presentation/components/cart_icon_button.dart
DA:7,2
DA:9,1
DA:11,1
DA:13,1
DA:14,1
DA:15,2
DA:16,3
LF:7
LH:7
end_of_record
SF:lib/presentation/components/loading_button.dart
DA:8,2
DA:10,1
DA:12,1
DA:13,1
DA:14,1
DA:15,2
DA:16,2
LF:7
LH:7
end_of_record
SF:lib/presentation/components/outlined_text_input.dart
DA:15,0
DA:25,0
DA:28,0
DA:29,0
DA:37,0
DA:39,0
DA:40,0
DA:41,0
DA:44,0
DA:47,0
DA:49,0
DA:50,0
DA:51,0
DA:52,0
DA:55,0
DA:56,0
DA:57,0
DA:58,0
DA:59,0
DA:60,0
DA:63,0
DA:65,0
DA:66,0
DA:67,0
DA:68,0
DA:69,0
DA:70,0
DA:71,0
DA:72,0
DA:73,0
DA:74,0
DA:76,0
DA:78,0
DA:83,0
DA:86,0
DA:87,0
DA:92,0
DA:93,0
DA:94,0
DA:96,0
DA:98,0
LF:41
LH:0
end_of_record
SF:lib/presentation/product/product_detail/components/product_detail_bottom_bar.dart
DA:8,10
DA:10,0
DA:12,0
DA:13,0
DA:14,0
DA:15,0
DA:25,0
DA:26,0
DA:27,0
DA:28,0
DA:29,0
DA:31,0
DA:33,0
DA:35,0
DA:37,0
DA:38,0
DA:39,0
DA:46,0
DA:47,0
DA:48,0
LF:20
LH:1
end_of_record
SF:lib/presentation/product/product_detail/product_detail_screen_args.dart
DA:6,0
DA:7,0
DA:9,0
DA:10,0
LF:4
LH:0
end_of_record
SF:lib/presentation/product/product_detail/product_detail_screen.dart
DA:19,10
DA:21,0
DA:22,0
DA:23,0
DA:24,0
DA:25,0
DA:26,0
DA:31,0
DA:33,0
DA:34,0
DA:35,0
DA:36,0
DA:37,0
DA:38,0
DA:39,0
DA:40,0
DA:42,0
DA:49,0
DA:50,0
DA:51,0
DA:52,0
DA:53,0
DA:54,0
DA:55,0
DA:64,0
DA:68,0
DA:69,0
DA:71,0
DA:72,0
DA:73,0
DA:75,0
DA:79,0
DA:81,0
DA:84,0
DA:85,0
DA:86,0
DA:87,0
DA:92,0
DA:93,0
DA:95,0
DA:100,0
DA:102,0
DA:103,0
DA:105,0
DA:108,0
DA:109,0
DA:110,0
DA:111,0
DA:116,0
DA:117,0
DA:118,0
DA:119,0
DA:126,0
DA:127,0
DA:128,0
LF:55
LH:1
end_of_record
SF:lib/presentation/product/products/components/product_categories.dart
DA:12,10
DA:14,0
DA:16,0
DA:18,0
DA:19,0
DA:21,0
DA:23,0
DA:29,0
DA:30,0
DA:31,0
DA:32,0
DA:35,0
DA:36,0
DA:38,0
DA:39,0
DA:52,0
DA:54,0
DA:56,0
DA:58,0
DA:59,0
DA:61,0
DA:63,0
DA:64,0
DA:66,0
DA:67,0
DA:70,0
DA:72,0
DA:73,0
DA:75,0
DA:76,0
DA:86,10
DA:88,0
DA:90,0
DA:92,0
DA:93,0
DA:95,0
LF:36
LH:2
end_of_record
SF:lib/presentation/product/products/components/product_list.dart
DA:11,10
DA:13,0
DA:15,0
DA:16,0
DA:17,0
DA:21,0
DA:22,0
DA:25,0
DA:32,0
DA:33,0
DA:37,0
DA:38,0
DA:41,0
DA:42,0
DA:43,0
DA:44,0
DA:45,0
DA:46,0
DA:47,0
DA:48,0
DA:49,0
DA:50,0
DA:51,0
LF:23
LH:1
end_of_record
SF:lib/presentation/product/products/components/product_card.dart
DA:18,0
DA:26,0
DA:28,0
DA:30,0
DA:33,0
DA:34,0
DA:36,0
DA:37,0
DA:38,0
DA:39,0
DA:41,0
DA:42,0
DA:43,0
DA:45,0
DA:49,0
DA:50,0
DA:52,0
DA:54,0
DA:55,0
DA:56,0
DA:58,0
DA:63,0
DA:64,0
DA:65,0
DA:68,0
DA:70,0
DA:71,0
DA:73,0
DA:76,0
DA:77,0
DA:78,0
DA:85,0
DA:86,0
DA:87,0
DA:106,10
DA:108,0
DA:110,0
DA:114,0
DA:115,0
DA:117,0
DA:119,0
DA:120,0
DA:121,0
DA:124,0
DA:126,0
DA:129,0
DA:134,0
DA:136,0
DA:138,0
DA:140,0
DA:149,0
LF:51
LH:1
end_of_record
SF:lib/presentation/product/products/components/product_welcome_text.dart
DA:5,10
DA:7,0
DA:9,0
DA:11,0
DA:13,0
DA:17,0
DA:19,0
DA:21,0
DA:23,0
LF:9
LH:1
end_of_record
SF:lib/presentation/product/products/components/search_input.dart
DA:11,0
DA:19,0
DA:20,0
DA:27,0
DA:29,0
DA:30,0
DA:31,0
DA:32,0
DA:35,0
DA:37,0
DA:38,0
DA:39,0
DA:40,0
DA:41,0
DA:42,0
LF:15
LH:0
end_of_record
SF:lib/presentation/product/products/products_screen.dart
DA:16,10
DA:18,0
DA:19,0
DA:20,0
DA:21,0
DA:26,0
DA:28,0
DA:29,0
DA:30,0
DA:33,0
DA:35,0
DA:36,0
DA:37,0
DA:38,0
DA:39,0
DA:40,0
DA:42,0
DA:48,0
DA:49,0
DA:50,0
DA:51,0
DA:53,0
DA:54,0
DA:56,0
DA:57,0
DA:61,0
DA:63,0
DA:65,0
DA:66,0
DA:68,0
DA:70,0
DA:71,0
LF:32
LH:1
end_of_record
SF:lib/presentation/auth/bloc/auth_state.dart
LF:0
LH:0
end_of_record
SF:lib/presentation/auth/bloc/auth_event.dart
LF:0
LH:0
end_of_record
SF:lib/presentation/auth/bloc/login_state.dart
LF:0
LH:0
end_of_record
SF:lib/presentation/cart/bloc/cart_event.dart
LF:0
LH:0
end_of_record
SF:lib/presentation/product/product_detail/bloc/product_detail_state.dart
LF:0
LH:0
end_of_record
SF:lib/presentation/product/products/bloc/products_state.dart
LF:0
LH:0
end_of_record
SF:lib/presentation/product/products/bloc/products_event.dart
LF:0
LH:0
end_of_record
